Mock Version: 5.9
ENTER ['do_with_status'](['bash', '--login', '-c', '/usr/bin/rpmbuild -bs  --target aarch64 --nodeps /builddir/build/SPECS/rb-druid-indexer.spec'], chrootPath='/var/lib/mock/rocky+epel-9-aarch64/root'env={'TERM': 'vt100', 'SHELL': '/bin/bash', 'HOME': '/builddir', 'HOSTNAME': 'mock', 'PATH': '/usr/bin:/bin:/usr/sbin:/sbin', 'PROMPT_COMMAND': 'printf "\\033]0;<mock-chroot>\\007"', 'PS1': '<mock-chroot> \\s-\\v\\$ ', 'LANG': 'C.UTF-8'}shell=Falselogger=<mockbuild.trace_decorator.getLog object at 0xe67c01c16700>timeout=0uid=0gid=135user='mockbuild'unshare_net=TrueprintOutput=Falsenspawn_args=['--capability=cap_ipc_lock', '--bind=/tmp/mock-resolv.ei0cdqwe:/etc/resolv.conf'])
Executing command: ['bash', '--login', '-c', '/usr/bin/rpmbuild -bs  --target aarch64 --nodeps /builddir/build/SPECS/rb-druid-indexer.spec'] with env {'TERM': 'vt100', 'SHELL': '/bin/bash', 'HOME': '/builddir', 'HOSTNAME': 'mock', 'PATH': '/usr/bin:/bin:/usr/sbin:/sbin', 'PROMPT_COMMAND': 'printf "\\033]0;<mock-chroot>\\007"', 'PS1': '<mock-chroot> \\s-\\v\\$ ', 'LANG': 'C.UTF-8'} and shell False
error: No compatible architectures found for build
Building target platforms: aarch64
Building for target aarch64
Child return code was: 1
EXCEPTION: [Error("Command failed: \n # bash --login -c '/usr/bin/rpmbuild -bs  --target aarch64 --nodeps /builddir/build/SPECS/rb-druid-indexer.spec'\n", 1)]
Traceback (most recent call last):
  File "/usr/lib/python3.9/site-packages/mockbuild/trace_decorator.py", line 93, in trace
    result = func(*args, **kw)
  File "/usr/lib/python3.9/site-packages/mockbuild/util.py", line 610, in do_with_status
    raise exception.Error("Command failed: \n # %s\n%s" % (cmd_pretty(command, env), output), child.returncode)
mockbuild.exception.Error: Command failed: 
 # bash --login -c '/usr/bin/rpmbuild -bs  --target aarch64 --nodeps /builddir/build/SPECS/rb-druid-indexer.spec'

Mock Version: 5.9
ENTER ['do_with_status'](['bash', '--login', '-c', '/usr/bin/rpmbuild -bs  --target aarch64 --nodeps /builddir/build/SPECS/rb-druid-indexer.spec'], chrootPath='/var/lib/mock/rocky+epel-9-aarch64/root'env={'TERM': 'vt100', 'SHELL': '/bin/bash', 'HOME': '/builddir', 'HOSTNAME': 'mock', 'PATH': '/usr/bin:/bin:/usr/sbin:/sbin', 'PROMPT_COMMAND': 'printf "\\033]0;<mock-chroot>\\007"', 'PS1': '<mock-chroot> \\s-\\v\\$ ', 'LANG': 'C.UTF-8'}shell=Falselogger=<mockbuild.trace_decorator.getLog object at 0xe02180336700>timeout=0uid=0gid=135user='mockbuild'unshare_net=TrueprintOutput=Falsenspawn_args=['--capability=cap_ipc_lock', '--bind=/tmp/mock-resolv.339jr8si:/etc/resolv.conf'])
Executing command: ['bash', '--login', '-c', '/usr/bin/rpmbuild -bs  --target aarch64 --nodeps /builddir/build/SPECS/rb-druid-indexer.spec'] with env {'TERM': 'vt100', 'SHELL': '/bin/bash', 'HOME': '/builddir', 'HOSTNAME': 'mock', 'PATH': '/usr/bin:/bin:/usr/sbin:/sbin', 'PROMPT_COMMAND': 'printf "\\033]0;<mock-chroot>\\007"', 'PS1': '<mock-chroot> \\s-\\v\\$ ', 'LANG': 'C.UTF-8'} and shell False
error: No compatible architectures found for build
Building target platforms: aarch64
Building for target aarch64
Child return code was: 1
EXCEPTION: [Error("Command failed: \n # bash --login -c '/usr/bin/rpmbuild -bs  --target aarch64 --nodeps /builddir/build/SPECS/rb-druid-indexer.spec'\n", 1)]
Traceback (most recent call last):
  File "/usr/lib/python3.9/site-packages/mockbuild/trace_decorator.py", line 93, in trace
    result = func(*args, **kw)
  File "/usr/lib/python3.9/site-packages/mockbuild/util.py", line 610, in do_with_status
    raise exception.Error("Command failed: \n # %s\n%s" % (cmd_pretty(command, env), output), child.returncode)
mockbuild.exception.Error: Command failed: 
 # bash --login -c '/usr/bin/rpmbuild -bs  --target aarch64 --nodeps /builddir/build/SPECS/rb-druid-indexer.spec'

Mock Version: 5.9
ENTER ['do_with_status'](['bash', '--login', '-c', '/usr/bin/rpmbuild -bs  --target aarch64 --nodeps /builddir/build/SPECS/rb-druid-indexer.spec'], chrootPath='/var/lib/mock/rocky+epel-9-aarch64/root'env={'TERM': 'vt100', 'SHELL': '/bin/bash', 'HOME': '/builddir', 'HOSTNAME': 'mock', 'PATH': '/usr/bin:/bin:/usr/sbin:/sbin', 'PROMPT_COMMAND': 'printf "\\033]0;<mock-chroot>\\007"', 'PS1': '<mock-chroot> \\s-\\v\\$ ', 'LANG': 'C.UTF-8'}shell=Falselogger=<mockbuild.trace_decorator.getLog object at 0xe98484241700>timeout=0uid=0gid=135user='mockbuild'unshare_net=TrueprintOutput=Falsenspawn_args=['--capability=cap_ipc_lock', '--bind=/tmp/mock-resolv.wgc17rp9:/etc/resolv.conf'])
Executing command: ['bash', '--login', '-c', '/usr/bin/rpmbuild -bs  --target aarch64 --nodeps /builddir/build/SPECS/rb-druid-indexer.spec'] with env {'TERM': 'vt100', 'SHELL': '/bin/bash', 'HOME': '/builddir', 'HOSTNAME': 'mock', 'PATH': '/usr/bin:/bin:/usr/sbin:/sbin', 'PROMPT_COMMAND': 'printf "\\033]0;<mock-chroot>\\007"', 'PS1': '<mock-chroot> \\s-\\v\\$ ', 'LANG': 'C.UTF-8'} and shell False
error: No compatible architectures found for build
Building target platforms: aarch64
Building for target aarch64
Child return code was: 1
EXCEPTION: [Error("Command failed: \n # bash --login -c '/usr/bin/rpmbuild -bs  --target aarch64 --nodeps /builddir/build/SPECS/rb-druid-indexer.spec'\n", 1)]
Traceback (most recent call last):
  File "/usr/lib/python3.9/site-packages/mockbuild/trace_decorator.py", line 93, in trace
    result = func(*args, **kw)
  File "/usr/lib/python3.9/site-packages/mockbuild/util.py", line 610, in do_with_status
    raise exception.Error("Command failed: \n # %s\n%s" % (cmd_pretty(command, env), output), child.returncode)
mockbuild.exception.Error: Command failed: 
 # bash --login -c '/usr/bin/rpmbuild -bs  --target aarch64 --nodeps /builddir/build/SPECS/rb-druid-indexer.spec'

Mock Version: 5.9
ENTER ['do_with_status'](['bash', '--login', '-c', '/usr/bin/rpmbuild -bs  --target aarch64 --nodeps /builddir/build/SPECS/rb-druid-indexer.spec'], chrootPath='/var/lib/mock/rocky+epel-9-aarch64/root'env={'TERM': 'vt100', 'SHELL': '/bin/bash', 'HOME': '/builddir', 'HOSTNAME': 'mock', 'PATH': '/usr/bin:/bin:/usr/sbin:/sbin', 'PROMPT_COMMAND': 'printf "\\033]0;<mock-chroot>\\007"', 'PS1': '<mock-chroot> \\s-\\v\\$ ', 'LANG': 'C.UTF-8'}shell=Falselogger=<mockbuild.trace_decorator.getLog object at 0xe865092f6700>timeout=0uid=0gid=135user='mockbuild'unshare_net=TrueprintOutput=Falsenspawn_args=['--capability=cap_ipc_lock', '--bind=/tmp/mock-resolv.2vo6k8tl:/etc/resolv.conf'])
Executing command: ['bash', '--login', '-c', '/usr/bin/rpmbuild -bs  --target aarch64 --nodeps /builddir/build/SPECS/rb-druid-indexer.spec'] with env {'TERM': 'vt100', 'SHELL': '/bin/bash', 'HOME': '/builddir', 'HOSTNAME': 'mock', 'PATH': '/usr/bin:/bin:/usr/sbin:/sbin', 'PROMPT_COMMAND': 'printf "\\033]0;<mock-chroot>\\007"', 'PS1': '<mock-chroot> \\s-\\v\\$ ', 'LANG': 'C.UTF-8'} and shell False
error: No compatible architectures found for build
Building target platforms: aarch64
Building for target aarch64
Child return code was: 1
EXCEPTION: [Error("Command failed: \n # bash --login -c '/usr/bin/rpmbuild -bs  --target aarch64 --nodeps /builddir/build/SPECS/rb-druid-indexer.spec'\n", 1)]
Traceback (most recent call last):
  File "/usr/lib/python3.9/site-packages/mockbuild/trace_decorator.py", line 93, in trace
    result = func(*args, **kw)
  File "/usr/lib/python3.9/site-packages/mockbuild/util.py", line 610, in do_with_status
    raise exception.Error("Command failed: \n # %s\n%s" % (cmd_pretty(command, env), output), child.returncode)
mockbuild.exception.Error: Command failed: 
 # bash --login -c '/usr/bin/rpmbuild -bs  --target aarch64 --nodeps /builddir/build/SPECS/rb-druid-indexer.spec'

Mock Version: 5.9
ENTER ['do_with_status'](['bash', '--login', '-c', '/usr/bin/rpmbuild -bs  --target aarch64 --nodeps /builddir/build/SPECS/rb-druid-indexer.spec'], chrootPath='/var/lib/mock/rocky+epel-9-aarch64/root'env={'TERM': 'vt100', 'SHELL': '/bin/bash', 'HOME': '/builddir', 'HOSTNAME': 'mock', 'PATH': '/usr/bin:/bin:/usr/sbin:/sbin', 'PROMPT_COMMAND': 'printf "\\033]0;<mock-chroot>\\007"', 'PS1': '<mock-chroot> \\s-\\v\\$ ', 'LANG': 'C.UTF-8'}shell=Falselogger=<mockbuild.trace_decorator.getLog object at 0xe7d230952700>timeout=0uid=0gid=135user='mockbuild'unshare_net=TrueprintOutput=Falsenspawn_args=['--capability=cap_ipc_lock', '--bind=/tmp/mock-resolv.jqa14ioq:/etc/resolv.conf'])
Executing command: ['bash', '--login', '-c', '/usr/bin/rpmbuild -bs  --target aarch64 --nodeps /builddir/build/SPECS/rb-druid-indexer.spec'] with env {'TERM': 'vt100', 'SHELL': '/bin/bash', 'HOME': '/builddir', 'HOSTNAME': 'mock', 'PATH': '/usr/bin:/bin:/usr/sbin:/sbin', 'PROMPT_COMMAND': 'printf "\\033]0;<mock-chroot>\\007"', 'PS1': '<mock-chroot> \\s-\\v\\$ ', 'LANG': 'C.UTF-8'} and shell False
error: No compatible architectures found for build
Building target platforms: aarch64
Building for target aarch64
Child return code was: 1
EXCEPTION: [Error("Command failed: \n # bash --login -c '/usr/bin/rpmbuild -bs  --target aarch64 --nodeps /builddir/build/SPECS/rb-druid-indexer.spec'\n", 1)]
Traceback (most recent call last):
  File "/usr/lib/python3.9/site-packages/mockbuild/trace_decorator.py", line 93, in trace
    result = func(*args, **kw)
  File "/usr/lib/python3.9/site-packages/mockbuild/util.py", line 610, in do_with_status
    raise exception.Error("Command failed: \n # %s\n%s" % (cmd_pretty(command, env), output), child.returncode)
mockbuild.exception.Error: Command failed: 
 # bash --login -c '/usr/bin/rpmbuild -bs  --target aarch64 --nodeps /builddir/build/SPECS/rb-druid-indexer.spec'

